# JRE version: OpenJDK Runtime Environment (8.0_152-b06) (build 1.8.0_152-release-1136-b06)
# Java VM: OpenJDK 64-Bit Server VM (25.152-b06 mixed mode windows-amd64 compressed oops)
Heap:
 PSYoungGen      total 349696K, used 279425K [0x00000000e0000000, 0x00000000f7180000, 0x0000000100000000)
  eden space 325632K, 81% used [0x00000000e0000000,0x00000000f02a52c8,0x00000000f3e00000)
  from space 24064K, 60% used [0x00000000f3e00000,0x00000000f4c3b210,0x00000000f5580000)
  to   space 23552K, 0% used [0x00000000f5a80000,0x00000000f5a80000,0x00000000f7180000)
 ParOldGen       total 206848K, used 43603K [0x00000000a0000000, 0x00000000aca00000, 0x00000000e0000000)
  object space 206848K, 21% used [0x00000000a0000000,0x00000000a2a94e18,0x00000000aca00000)
 Metaspace       used 95664K, capacity 101980K, committed 102320K, reserved 1138688K
  class space    used 11883K, capacity 13011K, committed 13232K, reserved 1048576K
GC Heap History (10 events):
Event: 3460.113 GC heap before
{Heap before GC invocations=37 (full 4):
 PSYoungGen      total 342528K, used 328160K [0x00000000e0000000, 0x00000000f6b80000, 0x0000000100000000)
  eden space 317952K, 100% used [0x00000000e0000000,0x00000000f3680000,0x00000000f3680000)
  from space 24576K, 41% used [0x00000000f5380000,0x00000000f5d78030,0x00000000f6b80000)
  to   space 27136K, 0% used [0x00000000f3680000,0x00000000f3680000,0x00000000f5100000)
 ParOldGen       total 206848K, used 43563K [0x00000000a0000000, 0x00000000aca00000, 0x00000000e0000000)
  object space 206848K, 21% used [0x00000000a0000000,0x00000000a2a8ae18,0x00000000aca00000)
 Metaspace       used 95276K, capacity 101534K, committed 101808K, reserved 1138688K
  class space    used 11875K, capacity 13006K, committed 13232K, reserved 1048576K
Event: 3460.123 GC heap after
Heap after GC invocations=37 (full 4):
 PSYoungGen      total 345088K, used 11056K [0x00000000e0000000, 0x00000000f6d80000, 0x0000000100000000)
  eden space 317952K, 0% used [0x00000000e0000000,0x00000000e0000000,0x00000000f3680000)
  from space 27136K, 40% used [0x00000000f3680000,0x00000000f414c098,0x00000000f5100000)
  to   space 26112K, 0% used [0x00000000f5400000,0x00000000f5400000,0x00000000f6d80000)
 ParOldGen       total 206848K, used 43571K [0x00000000a0000000, 0x00000000aca00000, 0x00000000e0000000)
  object space 206848K, 21% used [0x00000000a0000000,0x00000000a2a8ce18,0x00000000aca00000)
 Metaspace       used 95276K, capacity 101534K, committed 101808K, reserved 1138688K
  class space    used 11875K, capacity 13006K, committed 13232K, reserved 1048576K
}
Event: 3554.615 GC heap before
{Heap before GC invocations=38 (full 4):
 PSYoungGen      total 345088K, used 329008K [0x00000000e0000000, 0x00000000f6d80000, 0x0000000100000000)
  eden space 317952K, 100% used [0x00000000e0000000,0x00000000f3680000,0x00000000f3680000)
  from space 27136K, 40% used [0x00000000f3680000,0x00000000f414c098,0x00000000f5100000)
  to   space 26112K, 0% used [0x00000000f5400000,0x00000000f5400000,0x00000000f6d80000)
 ParOldGen       total 206848K, used 43571K [0x00000000a0000000, 0x00000000aca00000, 0x00000000e0000000)
  object space 206848K, 21% used [0x00000000a0000000,0x00000000a2a8ce18,0x00000000aca00000)
 Metaspace       used 95330K, capacity 101602K, committed 102064K, reserved 1138688K
  class space    used 11876K, capacity 13006K, committed 13232K, reserved 1048576K
Event: 3554.631 GC heap after
Heap after GC invocations=38 (full 4):
 PSYoungGen      total 347136K, used 16112K [0x00000000e0000000, 0x00000000f6d00000, 0x0000000100000000)
  eden space 321536K, 0% used [0x00000000e0000000,0x00000000e0000000,0x00000000f3a00000)
  from space 25600K, 62% used [0x00000000f5400000,0x00000000f63bc030,0x00000000f6d00000)
  to   space 26112K, 0% used [0x00000000f3a00000,0x00000000f3a00000,0x00000000f5380000)
 ParOldGen       total 206848K, used 43579K [0x00000000a0000000, 0x00000000aca00000, 0x00000000e0000000)
  object space 206848K, 21% used [0x00000000a0000000,0x00000000a2a8ee18,0x00000000aca00000)
 Metaspace       used 95330K, capacity 101602K, committed 102064K, reserved 1138688K
  class space    used 11876K, capacity 13006K, committed 13232K, reserved 1048576K
}
Event: 3572.114 GC heap before
{Heap before GC invocations=39 (full 4):
 PSYoungGen      total 347136K, used 337107K [0x00000000e0000000, 0x00000000f6d00000, 0x0000000100000000)
  eden space 321536K, 99% used [0x00000000e0000000,0x00000000f3978c28,0x00000000f3a00000)
  from space 25600K, 62% used [0x00000000f5400000,0x00000000f63bc030,0x00000000f6d00000)
  to   space 26112K, 0% used [0x00000000f3a00000,0x00000000f3a00000,0x00000000f5380000)
 ParOldGen       total 206848K, used 43579K [0x00000000a0000000, 0x00000000aca00000, 0x00000000e0000000)
  object space 206848K, 21% used [0x00000000a0000000,0x00000000a2a8ee18,0x00000000aca00000)
 Metaspace       used 95390K, capacity 101666K, committed 102064K, reserved 1138688K
  class space    used 11876K, capacity 13006K, committed 13232K, reserved 1048576K
Event: 3572.124 GC heap after
Heap after GC invocations=39 (full 4):
 PSYoungGen      total 347648K, used 10349K [0x00000000e0000000, 0x00000000f6e00000, 0x0000000100000000)
  eden space 321536K, 0% used [0x00000000e0000000,0x00000000e0000000,0x00000000f3a00000)
  from space 26112K, 39% used [0x00000000f3a00000,0x00000000f441b7a8,0x00000000f5380000)
  to   space 25088K, 0% used [0x00000000f5580000,0x00000000f5580000,0x00000000f6e00000)
 ParOldGen       total 206848K, used 43587K [0x00000000a0000000, 0x00000000aca00000, 0x00000000e0000000)
  object space 206848K, 21% used [0x00000000a0000000,0x00000000a2a90e18,0x00000000aca00000)
 Metaspace       used 95390K, capacity 101666K, committed 102064K, reserved 1138688K
  class space    used 11876K, capacity 13006K, committed 13232K, reserved 1048576K
}
Event: 3575.439 GC heap before
{Heap before GC invocations=40 (full 4):
 PSYoungGen      total 347648K, used 331885K [0x00000000e0000000, 0x00000000f6e00000, 0x0000000100000000)
  eden space 321536K, 100% used [0x00000000e0000000,0x00000000f3a00000,0x00000000f3a00000)
  from space 26112K, 39% used [0x00000000f3a00000,0x00000000f441b7a8,0x00000000f5380000)
  to   space 25088K, 0% used [0x00000000f5580000,0x00000000f5580000,0x00000000f6e00000)
 ParOldGen       total 206848K, used 43587K [0x00000000a0000000, 0x00000000aca00000, 0x00000000e0000000)
  object space 206848K, 21% used [0x00000000a0000000,0x00000000a2a90e18,0x00000000aca00000)
 Metaspace       used 95487K, capacity 101798K, committed 102064K, reserved 1138688K
  class space    used 11876K, capacity 13006K, committed 13232K, reserved 1048576K
Event: 3575.454 GC heap after
Heap after GC invocations=40 (full 4):
 PSYoungGen      total 350720K, used 11495K [0x00000000e0000000, 0x00000000f6e80000, 0x0000000100000000)
  eden space 325632K, 0% used [0x00000000e0000000,0x00000000e0000000,0x00000000f3e00000)
  from space 25088K, 45% used [0x00000000f5580000,0x00000000f60b9c58,0x00000000f6e00000)
  to   space 24064K, 0% used [0x00000000f3e00000,0x00000000f3e00000,0x00000000f5580000)
 ParOldGen       total 206848K, used 43595K [0x00000000a0000000, 0x00000000aca00000, 0x00000000e0000000)
  object space 206848K, 21% used [0x00000000a0000000,0x00000000a2a92e18,0x00000000aca00000)
 Metaspace       used 95487K, capacity 101798K, committed 102064K, reserved 1138688K
  class space    used 11876K, capacity 13006K, committed 13232K, reserved 1048576K
}
Event: 3581.653 GC heap before
{Heap before GC invocations=41 (full 4):
 PSYoungGen      total 350720K, used 336692K [0x00000000e0000000, 0x00000000f6e80000, 0x0000000100000000)
  eden space 325632K, 99% used [0x00000000e0000000,0x00000000f3d936e8,0x00000000f3e00000)
  from space 25088K, 45% used [0x00000000f5580000,0x00000000f60b9c58,0x00000000f6e00000)
  to   space 24064K, 0% used [0x00000000f3e00000,0x00000000f3e00000,0x00000000f5580000)
 ParOldGen       total 206848K, used 43595K [0x00000000a0000000, 0x00000000aca00000, 0x00000000e0000000)
  object space 206848K, 21% used [0x00000000a0000000,0x00000000a2a92e18,0x00000000aca00000)
 Metaspace       used 95556K, capacity 101882K, committed 102320K, reserved 1138688K
  class space    used 11877K, capacity 13006K, committed 13232K, reserved 1048576K
Event: 3581.665 GC heap after
Heap after GC invocations=41 (full 4):
 PSYoungGen      total 349696K, used 14572K [0x00000000e0000000, 0x00000000f7180000, 0x0000000100000000)
  eden space 325632K, 0% used [0x00000000e0000000,0x00000000e0000000,0x00000000f3e00000)
  from space 24064K, 60% used [0x00000000f3e00000,0x00000000f4c3b210,0x00000000f5580000)
  to   space 23552K, 0% used [0x00000000f5a80000,0x00000000f5a80000,0x00000000f7180000)
 ParOldGen       total 206848K, used 43603K [0x00000000a0000000, 0x00000000aca00000, 0x00000000e0000000)
  object space 206848K, 21% used [0x00000000a0000000,0x00000000a2a94e18,0x00000000aca00000)
 Metaspace       used 95556K, capacity 101882K, committed 102320K, reserved 1138688K
  class space    used 11877K, capacity 13006K, committed 13232K, reserved 1048576K
}

